\BOOKMARK [1][-]{section.1}{\376\377\000p\000e\000n\000d\000a\000h\000u\000l\000u\000a\000n}{}% 1
\BOOKMARK [1][-]{section.2}{\376\377\000T\000u\000j\000u\000a\000n\000\040\000P\000r\000a\000k\000t\000i\000k\000u\000m}{}% 2
\BOOKMARK [1][-]{section.3}{\376\377\000A\000l\000a\000t\000\040\000d\000a\000n\000\040\000B\000a\000h\000a\000n}{}% 3
\BOOKMARK [1][-]{section.4}{\376\377\000T\000o\000p\000o\000l\000o\000g\000i}{}% 4
\BOOKMARK [1][-]{section.5}{\376\377\000L\000a\000n\000g\000k\000a\000h\000\040\000P\000e\000r\000c\000o\000b\000a\000a\000n}{}% 5
\BOOKMARK [1][-]{section.6}{\376\377\000H\000a\000s\000i\000l\000\040\000P\000e\000r\000c\000o\000b\000a\000a\000n}{}% 6
\BOOKMARK [1][-]{section.7}{\376\377\000K\000e\000s\000i\000m\000p\000u\000l\000a\000n}{}% 7
\BOOKMARK [1][-]{section.1}{\376\377\000p\000e\000n\000d\000a\000h\000u\000l\000u\000a\000n}{}% 8
\BOOKMARK [1][-]{section.2}{\376\377\000T\000u\000j\000u\000a\000n\000\040\000P\000r\000a\000k\000t\000i\000k\000u\000m}{}% 9
\BOOKMARK [1][-]{section.3}{\376\377\000A\000l\000a\000t\000\040\000d\000a\000n\000\040\000B\000a\000h\000a\000n}{}% 10
\BOOKMARK [1][-]{section.4}{\376\377\000T\000o\000p\000o\000l\000o\000g\000i}{}% 11
\BOOKMARK [1][-]{section.5}{\376\377\000L\000a\000n\000g\000k\000a\000h\000\040\000P\000e\000r\000c\000o\000b\000a\000a\000n}{}% 12
\BOOKMARK [1][-]{section.6}{\376\377\000H\000a\000s\000i\000l\000\040\000P\000e\000r\000c\000o\000b\000a\000a\000n}{}% 13
\BOOKMARK [1][-]{section.7}{\376\377\000K\000e\000s\000i\000m\000p\000u\000l\000a\000n}{}% 14
\BOOKMARK [1][-]{section.8}{\376\377\000T\000u\000g\000a\000s\000\040\000m\000o\000d\000u\000l}{}% 15
\BOOKMARK [1][-]{section.1}{\376\377\000p\000e\000n\000d\000a\000h\000u\000l\000u\000a\000n}{}% 16
\BOOKMARK [1][-]{section.2}{\376\377\000T\000u\000j\000u\000a\000n\000\040\000P\000r\000a\000k\000t\000i\000k\000u\000m}{}% 17
\BOOKMARK [1][-]{section.3}{\376\377\000A\000l\000a\000t\000\040\000d\000a\000n\000\040\000B\000a\000h\000a\000n}{}% 18
\BOOKMARK [1][-]{section.4}{\376\377\000T\000o\000p\000o\000l\000o\000g\000i}{}% 19
\BOOKMARK [1][-]{section.5}{\376\377\000L\000a\000n\000g\000k\000a\000h\000\040\000P\000e\000r\000c\000o\000b\000a\000a\000n}{}% 20
\BOOKMARK [1][-]{section.6}{\376\377\000H\000a\000s\000i\000l\000\040\000P\000e\000r\000c\000o\000b\000a\000a\000n}{}% 21
\BOOKMARK [1][-]{section.7}{\376\377\000K\000e\000s\000i\000m\000p\000u\000l\000a\000n}{}% 22
\BOOKMARK [1][-]{section.8}{\376\377\000T\000u\000g\000a\000s\000\040\000m\000o\000d\000u\000l}{}% 23
\BOOKMARK [1][-]{section.1}{\376\377\000p\000e\000n\000d\000a\000h\000u\000l\000u\000a\000n}{}% 24
\BOOKMARK [1][-]{section.2}{\376\377\000T\000u\000j\000u\000a\000n\000\040\000P\000r\000a\000k\000t\000i\000k\000u\000m}{}% 25
\BOOKMARK [1][-]{section.3}{\376\377\000A\000l\000a\000t\000\040\000d\000a\000n\000\040\000B\000a\000h\000a\000n}{}% 26
\BOOKMARK [1][-]{section.4}{\376\377\000T\000o\000p\000o\000l\000o\000g\000i}{}% 27
\BOOKMARK [1][-]{section.5}{\376\377\000L\000a\000n\000g\000k\000a\000h\000\040\000P\000e\000r\000c\000o\000b\000a\000a\000n}{}% 28
\BOOKMARK [1][-]{section.6}{\376\377\000H\000a\000s\000i\000l\000\040\000P\000e\000r\000c\000o\000b\000a\000a\000n}{}% 29
\BOOKMARK [1][-]{section.7}{\376\377\000K\000e\000s\000i\000m\000p\000u\000l\000a\000n}{}% 30
\BOOKMARK [1][-]{section.8}{\376\377\000T\000u\000g\000a\000s\000\040\000m\000o\000d\000u\000l}{}% 31
\BOOKMARK [1][-]{section.1}{\376\377\000p\000e\000n\000d\000a\000h\000u\000l\000u\000a\000n}{}% 32
\BOOKMARK [1][-]{section.2}{\376\377\000T\000u\000j\000u\000a\000n\000\040\000P\000r\000a\000k\000t\000i\000k\000u\000m}{}% 33
\BOOKMARK [1][-]{section.3}{\376\377\000A\000l\000a\000t\000\040\000d\000a\000n\000\040\000B\000a\000h\000a\000n}{}% 34
\BOOKMARK [1][-]{section.4}{\376\377\000T\000o\000p\000o\000l\000o\000g\000i}{}% 35
\BOOKMARK [1][-]{section.5}{\376\377\000L\000a\000n\000g\000k\000a\000h\000\040\000P\000e\000r\000c\000o\000b\000a\000a\000n}{}% 36
\BOOKMARK [1][-]{section.6}{\376\377\000H\000a\000s\000i\000l\000\040\000P\000e\000r\000c\000o\000b\000a\000a\000n}{}% 37
\BOOKMARK [1][-]{section.7}{\376\377\000K\000e\000s\000i\000m\000p\000u\000l\000a\000n}{}% 38
\BOOKMARK [1][-]{section.8}{\376\377\000T\000u\000g\000a\000s\000\040\000m\000o\000d\000u\000l}{}% 39
